[2025-11-05T23:41:02.622+0000] {processor.py:157} INFO - Started process (PID=50) to work on /opt/airflow/dags/weather_to_s3.py
[2025-11-05T23:41:02.626+0000] {processor.py:829} INFO - Processing file /opt/airflow/dags/weather_to_s3.py for tasks to queue
[2025-11-05T23:41:02.635+0000] {logging_mixin.py:151} INFO - [2025-11-05T23:41:02.634+0000] {dagbag.py:539} INFO - Filling up the DagBag from /opt/airflow/dags/weather_to_s3.py
[2025-11-05T23:41:03.158+0000] {processor.py:839} INFO - DAG(s) dict_keys(['weather_to_s3']) retrieved from /opt/airflow/dags/weather_to_s3.py
[2025-11-05T23:41:03.208+0000] {logging_mixin.py:151} INFO - [2025-11-05T23:41:03.206+0000] {dag.py:2915} INFO - Sync 1 DAGs
[2025-11-05T23:41:03.239+0000] {logging_mixin.py:151} INFO - [2025-11-05T23:41:03.239+0000] {dag.py:3696} INFO - Setting next_dagrun for weather_to_s3 to 2025-11-05T23:38:00+00:00, run_after=2025-11-05T23:40:00+00:00
[2025-11-05T23:41:03.259+0000] {processor.py:179} INFO - Processing /opt/airflow/dags/weather_to_s3.py took 0.645 seconds
[2025-11-05T23:43:05.110+0000] {processor.py:157} INFO - Started process (PID=32) to work on /opt/airflow/dags/weather_to_s3.py
[2025-11-05T23:43:05.117+0000] {processor.py:829} INFO - Processing file /opt/airflow/dags/weather_to_s3.py for tasks to queue
[2025-11-05T23:43:05.137+0000] {logging_mixin.py:151} INFO - [2025-11-05T23:43:05.136+0000] {dagbag.py:539} INFO - Filling up the DagBag from /opt/airflow/dags/weather_to_s3.py
[2025-11-05T23:43:08.250+0000] {processor.py:839} INFO - DAG(s) dict_keys(['weather_to_s3']) retrieved from /opt/airflow/dags/weather_to_s3.py
[2025-11-05T23:43:08.391+0000] {logging_mixin.py:151} INFO - [2025-11-05T23:43:08.387+0000] {dag.py:2915} INFO - Sync 1 DAGs
[2025-11-05T23:43:08.450+0000] {logging_mixin.py:151} INFO - [2025-11-05T23:43:08.449+0000] {dag.py:3696} INFO - Setting next_dagrun for weather_to_s3 to 2025-11-05T23:40:00+00:00, run_after=2025-11-05T23:42:00+00:00
[2025-11-05T23:43:08.485+0000] {processor.py:179} INFO - Processing /opt/airflow/dags/weather_to_s3.py took 3.389 seconds
[2025-11-05T23:43:38.882+0000] {processor.py:157} INFO - Started process (PID=34) to work on /opt/airflow/dags/weather_to_s3.py
[2025-11-05T23:43:38.888+0000] {processor.py:829} INFO - Processing file /opt/airflow/dags/weather_to_s3.py for tasks to queue
[2025-11-05T23:43:38.902+0000] {logging_mixin.py:151} INFO - [2025-11-05T23:43:38.900+0000] {dagbag.py:539} INFO - Filling up the DagBag from /opt/airflow/dags/weather_to_s3.py
[2025-11-05T23:43:40.140+0000] {processor.py:839} INFO - DAG(s) dict_keys(['weather_to_s3']) retrieved from /opt/airflow/dags/weather_to_s3.py
[2025-11-05T23:43:40.281+0000] {logging_mixin.py:151} INFO - [2025-11-05T23:43:40.280+0000] {dag.py:2915} INFO - Sync 1 DAGs
[2025-11-05T23:43:40.339+0000] {logging_mixin.py:151} INFO - [2025-11-05T23:43:40.339+0000] {dag.py:3696} INFO - Setting next_dagrun for weather_to_s3 to 2025-11-05T23:40:00+00:00, run_after=2025-11-05T23:42:00+00:00
[2025-11-05T23:43:40.392+0000] {processor.py:179} INFO - Processing /opt/airflow/dags/weather_to_s3.py took 1.539 seconds
[2025-11-05T23:44:10.767+0000] {processor.py:157} INFO - Started process (PID=36) to work on /opt/airflow/dags/weather_to_s3.py
[2025-11-05T23:44:10.778+0000] {processor.py:829} INFO - Processing file /opt/airflow/dags/weather_to_s3.py for tasks to queue
[2025-11-05T23:44:10.785+0000] {logging_mixin.py:151} INFO - [2025-11-05T23:44:10.782+0000] {dagbag.py:539} INFO - Filling up the DagBag from /opt/airflow/dags/weather_to_s3.py
[2025-11-05T23:44:11.247+0000] {processor.py:839} INFO - DAG(s) dict_keys(['weather_to_s3']) retrieved from /opt/airflow/dags/weather_to_s3.py
[2025-11-05T23:44:11.306+0000] {logging_mixin.py:151} INFO - [2025-11-05T23:44:11.306+0000] {dag.py:2915} INFO - Sync 1 DAGs
[2025-11-05T23:44:11.327+0000] {logging_mixin.py:151} INFO - [2025-11-05T23:44:11.327+0000] {dag.py:3696} INFO - Setting next_dagrun for weather_to_s3 to 2025-11-05T23:42:00+00:00, run_after=2025-11-05T23:44:00+00:00
[2025-11-05T23:44:11.344+0000] {processor.py:179} INFO - Processing /opt/airflow/dags/weather_to_s3.py took 0.601 seconds
[2025-11-05T23:44:41.965+0000] {processor.py:157} INFO - Started process (PID=38) to work on /opt/airflow/dags/weather_to_s3.py
[2025-11-05T23:44:41.968+0000] {processor.py:829} INFO - Processing file /opt/airflow/dags/weather_to_s3.py for tasks to queue
[2025-11-05T23:44:41.971+0000] {logging_mixin.py:151} INFO - [2025-11-05T23:44:41.971+0000] {dagbag.py:539} INFO - Filling up the DagBag from /opt/airflow/dags/weather_to_s3.py
[2025-11-05T23:44:42.678+0000] {processor.py:839} INFO - DAG(s) dict_keys(['weather_to_s3']) retrieved from /opt/airflow/dags/weather_to_s3.py
[2025-11-05T23:44:42.734+0000] {logging_mixin.py:151} INFO - [2025-11-05T23:44:42.734+0000] {dag.py:2915} INFO - Sync 1 DAGs
[2025-11-05T23:44:42.762+0000] {logging_mixin.py:151} INFO - [2025-11-05T23:44:42.762+0000] {dag.py:3696} INFO - Setting next_dagrun for weather_to_s3 to 2025-11-05T23:42:00+00:00, run_after=2025-11-05T23:44:00+00:00
[2025-11-05T23:44:42.778+0000] {processor.py:179} INFO - Processing /opt/airflow/dags/weather_to_s3.py took 0.826 seconds
[2025-11-05T23:45:13.444+0000] {processor.py:157} INFO - Started process (PID=40) to work on /opt/airflow/dags/weather_to_s3.py
[2025-11-05T23:45:13.449+0000] {processor.py:829} INFO - Processing file /opt/airflow/dags/weather_to_s3.py for tasks to queue
[2025-11-05T23:45:13.456+0000] {logging_mixin.py:151} INFO - [2025-11-05T23:45:13.456+0000] {dagbag.py:539} INFO - Filling up the DagBag from /opt/airflow/dags/weather_to_s3.py
[2025-11-05T23:45:13.915+0000] {processor.py:839} INFO - DAG(s) dict_keys(['weather_to_s3']) retrieved from /opt/airflow/dags/weather_to_s3.py
[2025-11-05T23:45:13.970+0000] {logging_mixin.py:151} INFO - [2025-11-05T23:45:13.969+0000] {dag.py:2915} INFO - Sync 1 DAGs
[2025-11-05T23:45:13.991+0000] {logging_mixin.py:151} INFO - [2025-11-05T23:45:13.991+0000] {dag.py:3696} INFO - Setting next_dagrun for weather_to_s3 to 2025-11-05T23:42:00+00:00, run_after=2025-11-05T23:44:00+00:00
[2025-11-05T23:45:13.999+0000] {processor.py:179} INFO - Processing /opt/airflow/dags/weather_to_s3.py took 0.573 seconds
[2025-11-05T23:45:44.527+0000] {processor.py:157} INFO - Started process (PID=42) to work on /opt/airflow/dags/weather_to_s3.py
[2025-11-05T23:45:44.529+0000] {processor.py:829} INFO - Processing file /opt/airflow/dags/weather_to_s3.py for tasks to queue
[2025-11-05T23:45:44.533+0000] {logging_mixin.py:151} INFO - [2025-11-05T23:45:44.532+0000] {dagbag.py:539} INFO - Filling up the DagBag from /opt/airflow/dags/weather_to_s3.py
[2025-11-05T23:45:44.961+0000] {processor.py:839} INFO - DAG(s) dict_keys(['weather_to_s3']) retrieved from /opt/airflow/dags/weather_to_s3.py
[2025-11-05T23:45:44.995+0000] {logging_mixin.py:151} INFO - [2025-11-05T23:45:44.995+0000] {dag.py:2915} INFO - Sync 1 DAGs
[2025-11-05T23:45:45.020+0000] {logging_mixin.py:151} INFO - [2025-11-05T23:45:45.020+0000] {dag.py:3696} INFO - Setting next_dagrun for weather_to_s3 to 2025-11-05T23:42:00+00:00, run_after=2025-11-05T23:44:00+00:00
[2025-11-05T23:45:45.029+0000] {processor.py:179} INFO - Processing /opt/airflow/dags/weather_to_s3.py took 0.531 seconds
