[2025-11-05T23:43:04.436+0000] {manager.py:487} INFO - Processing files using up to 2 processes at a time 
[2025-11-05T23:43:04.439+0000] {manager.py:488} INFO - Process each file at most once every 30 seconds
[2025-11-05T23:43:04.440+0000] {manager.py:489} INFO - Checking for new files in /opt/airflow/dags every 300 seconds
[2025-11-05T23:43:04.443+0000] {manager.py:759} INFO - Searching for files in /opt/airflow/dags
[2025-11-05T23:43:04.462+0000] {manager.py:762} INFO - There are 1 files in /opt/airflow/dags
[2025-11-05T23:43:05.218+0000] {manager.py:893} INFO - 
================================================================================
DAG File Processing Stats

File Path                             PID  Runtime      # DAGs    # Errors  Last Runtime    Last Run
----------------------------------  -----  ---------  --------  ----------  --------------  ----------
/opt/airflow/dags/weather_to_s3.py     32  0.15s             0           0
================================================================================
[2025-11-05T23:43:35.679+0000] {manager.py:893} INFO - 
================================================================================
DAG File Processing Stats

File Path                           PID    Runtime      # DAGs    # Errors  Last Runtime    Last Run
----------------------------------  -----  ---------  --------  ----------  --------------  -------------------
/opt/airflow/dags/weather_to_s3.py                           1           0  3.45s           2025-11-05T23:43:08
================================================================================
[2025-11-05T23:44:06.095+0000] {manager.py:893} INFO - 
================================================================================
DAG File Processing Stats

File Path                           PID    Runtime      # DAGs    # Errors  Last Runtime    Last Run
----------------------------------  -----  ---------  --------  ----------  --------------  -------------------
/opt/airflow/dags/weather_to_s3.py                           1           0  1.64s           2025-11-05T23:43:40
================================================================================
[2025-11-05T23:44:36.707+0000] {manager.py:893} INFO - 
================================================================================
DAG File Processing Stats

File Path                           PID    Runtime      # DAGs    # Errors  Last Runtime    Last Run
----------------------------------  -----  ---------  --------  ----------  --------------  -------------------
/opt/airflow/dags/weather_to_s3.py                           1           0  0.67s           2025-11-05T23:44:11
================================================================================
[2025-11-05T23:45:07.277+0000] {manager.py:893} INFO - 
================================================================================
DAG File Processing Stats

File Path                           PID    Runtime      # DAGs    # Errors  Last Runtime    Last Run
----------------------------------  -----  ---------  --------  ----------  --------------  -------------------
/opt/airflow/dags/weather_to_s3.py                           1           0  0.92s           2025-11-05T23:44:42
================================================================================
[2025-11-05T23:45:37.379+0000] {manager.py:893} INFO - 
================================================================================
DAG File Processing Stats

File Path                           PID    Runtime      # DAGs    # Errors  Last Runtime    Last Run
----------------------------------  -----  ---------  --------  ----------  --------------  -------------------
/opt/airflow/dags/weather_to_s3.py                           1           0  0.62s           2025-11-05T23:45:14
================================================================================
[2025-11-05T23:46:08.152+0000] {manager.py:893} INFO - 
================================================================================
DAG File Processing Stats

File Path                           PID    Runtime      # DAGs    # Errors  Last Runtime    Last Run
----------------------------------  -----  ---------  --------  ----------  --------------  -------------------
/opt/airflow/dags/weather_to_s3.py                           1           0  0.57s           2025-11-05T23:45:45
================================================================================
